# JRE version: Java(TM) SE Runtime Environment (8.0_31-b13) (build 1.8.0_31-b13)
# Java VM: Java HotSpot(TM) 64-Bit Server VM (25.31-b07 mixed mode windows-amd64 compressed oops)
Heap:
 PSYoungGen      total 236032K, used 56466K [0x00000000eab00000, 0x00000000fe900000, 0x0000000100000000)
  eden space 218112K, 17% used [0x00000000eab00000,0x00000000ed0ab7b0,0x00000000f8000000)
  from space 17920K, 99% used [0x00000000f9d00000,0x00000000fae79360,0x00000000fae80000)
  to   space 29696K, 0% used [0x00000000f8000000,0x00000000f8000000,0x00000000f9d00000)
 ParOldGen       total 87040K, used 47987K [0x00000000c0000000, 0x00000000c5500000, 0x00000000eab00000)
  object space 87040K, 55% used [0x00000000c0000000,0x00000000c2edcf48,0x00000000c5500000)
 Metaspace       used 56647K, capacity 58728K, committed 58880K, reserved 1099776K
  class space    used 7604K, capacity 8355K, committed 8448K, reserved 1048576K
GC Heap History (10 events):
Event: 13.456 GC heap before
{Heap before GC invocations=9 (full 2):
 PSYoungGen      total 160256K, used 12788K [0x00000000eab00000, 0x00000000fb180000, 0x0000000100000000)
  eden space 147456K, 0% used [0x00000000eab00000,0x00000000eab00000,0x00000000f3b00000)
  from space 12800K, 99% used [0x00000000f3b00000,0x00000000f477d040,0x00000000f4780000)
  to   space 17920K, 0% used [0x00000000fa000000,0x00000000fa000000,0x00000000fb180000)
 ParOldGen       total 49664K, used 13209K [0x00000000c0000000, 0x00000000c3080000, 0x00000000eab00000)
  object space 49664K, 26% used [0x00000000c0000000,0x00000000c0ce6788,0x00000000c3080000)
 Metaspace       used 34493K, capacity 35382K, committed 35456K, reserved 1079296K
  class space    used 4597K, capacity 4985K, committed 4992K, reserved 1048576K
Event: 13.726 GC heap after
Heap after GC invocations=9 (full 2):
 PSYoungGen      total 160256K, used 0K [0x00000000eab00000, 0x00000000fb180000, 0x0000000100000000)
  eden space 147456K, 0% used [0x00000000eab00000,0x00000000eab00000,0x00000000f3b00000)
  from space 12800K, 0% used [0x00000000f3b00000,0x00000000f3b00000,0x00000000f4780000)
  to   space 17920K, 0% used [0x00000000fa000000,0x00000000fa000000,0x00000000fb180000)
 ParOldGen       total 87040K, used 23862K [0x00000000c0000000, 0x00000000c5500000, 0x00000000eab00000)
  object space 87040K, 27% used [0x00000000c0000000,0x00000000c174d8a8,0x00000000c5500000)
 Metaspace       used 34493K, capacity 35382K, committed 35456K, reserved 1079296K
  class space    used 4597K, capacity 4985K, committed 4992K, reserved 1048576K
}
Event: 17.203 GC heap before
{Heap before GC invocations=10 (full 2):
 PSYoungGen      total 160256K, used 147456K [0x00000000eab00000, 0x00000000fb180000, 0x0000000100000000)
  eden space 147456K, 100% used [0x00000000eab00000,0x00000000f3b00000,0x00000000f3b00000)
  from space 12800K, 0% used [0x00000000f3b00000,0x00000000f3b00000,0x00000000f4780000)
  to   space 17920K, 0% used [0x00000000fa000000,0x00000000fa000000,0x00000000fb180000)
 ParOldGen       total 87040K, used 23862K [0x00000000c0000000, 0x00000000c5500000, 0x00000000eab00000)
  object space 87040K, 27% used [0x00000000c0000000,0x00000000c174d8a8,0x00000000c5500000)
 Metaspace       used 38943K, capacity 40080K, committed 40320K, reserved 1083392K
  class space    used 5241K, capacity 5662K, committed 5760K, reserved 1048576K
Event: 17.270 GC heap after
Heap after GC invocations=10 (full 2):
 PSYoungGen      total 229376K, used 17798K [0x00000000eab00000, 0x00000000fb180000, 0x0000000100000000)
  eden space 211456K, 0% used [0x00000000eab00000,0x00000000eab00000,0x00000000f7980000)
  from space 17920K, 99% used [0x00000000fa000000,0x00000000fb161828,0x00000000fb180000)
  to   space 20992K, 0% used [0x00000000f8880000,0x00000000f8880000,0x00000000f9d00000)
 ParOldGen       total 87040K, used 23870K [0x00000000c0000000, 0x00000000c5500000, 0x00000000eab00000)
  object space 87040K, 27% used [0x00000000c0000000,0x00000000c174f8a8,0x00000000c5500000)
 Metaspace       used 38943K, capacity 40080K, committed 40320K, reserved 1083392K
  class space    used 5241K, capacity 5662K, committed 5760K, reserved 1048576K
}
Event: 27.736 GC heap before
{Heap before GC invocations=11 (full 2):
 PSYoungGen      total 229376K, used 158274K [0x00000000eab00000, 0x00000000fb180000, 0x0000000100000000)
  eden space 211456K, 66% used [0x00000000eab00000,0x00000000f342f018,0x00000000f7980000)
  from space 17920K, 99% used [0x00000000fa000000,0x00000000fb161828,0x00000000fb180000)
  to   space 20992K, 0% used [0x00000000f8880000,0x00000000f8880000,0x00000000f9d00000)
 ParOldGen       total 87040K, used 23870K [0x00000000c0000000, 0x00000000c5500000, 0x00000000eab00000)
  object space 87040K, 27% used [0x00000000c0000000,0x00000000c174f8a8,0x00000000c5500000)
 Metaspace       used 48575K, capacity 50032K, committed 50304K, reserved 1093632K
  class space    used 6503K, capacity 7002K, committed 7040K, reserved 1048576K
Event: 27.835 GC heap after
Heap after GC invocations=11 (full 2):
 PSYoungGen      total 232448K, used 20978K [0x00000000eab00000, 0x00000000fae80000, 0x0000000100000000)
  eden space 211456K, 0% used [0x00000000eab00000,0x00000000eab00000,0x00000000f7980000)
  from space 20992K, 99% used [0x00000000f8880000,0x00000000f9cfc818,0x00000000f9d00000)
  to   space 17920K, 0% used [0x00000000f9d00000,0x00000000f9d00000,0x00000000fae80000)
 ParOldGen       total 87040K, used 30650K [0x00000000c0000000, 0x00000000c5500000, 0x00000000eab00000)
  object space 87040K, 35% used [0x00000000c0000000,0x00000000c1deea10,0x00000000c5500000)
 Metaspace       used 48575K, capacity 50032K, committed 50304K, reserved 1093632K
  class space    used 6503K, capacity 7002K, committed 7040K, reserved 1048576K
}
Event: 27.835 GC heap before
{Heap before GC invocations=12 (full 3):
 PSYoungGen      total 232448K, used 20978K [0x00000000eab00000, 0x00000000fae80000, 0x0000000100000000)
  eden space 211456K, 0% used [0x00000000eab00000,0x00000000eab00000,0x00000000f7980000)
  from space 20992K, 99% used [0x00000000f8880000,0x00000000f9cfc818,0x00000000f9d00000)
  to   space 17920K, 0% used [0x00000000f9d00000,0x00000000f9d00000,0x00000000fae80000)
 ParOldGen       total 87040K, used 30650K [0x00000000c0000000, 0x00000000c5500000, 0x00000000eab00000)
  object space 87040K, 35% used [0x00000000c0000000,0x00000000c1deea10,0x00000000c5500000)
 Metaspace       used 48575K, capacity 50032K, committed 50304K, reserved 1093632K
  class space    used 6503K, capacity 7002K, committed 7040K, reserved 1048576K
Event: 28.362 GC heap after
Heap after GC invocations=12 (full 3):
 PSYoungGen      total 232448K, used 0K [0x00000000eab00000, 0x00000000fae80000, 0x0000000100000000)
  eden space 211456K, 0% used [0x00000000eab00000,0x00000000eab00000,0x00000000f7980000)
  from space 20992K, 0% used [0x00000000f8880000,0x00000000f8880000,0x00000000f9d00000)
  to   space 17920K, 0% used [0x00000000f9d00000,0x00000000f9d00000,0x00000000fae80000)
 ParOldGen       total 87040K, used 43691K [0x00000000c0000000, 0x00000000c5500000, 0x00000000eab00000)
  object space 87040K, 50% used [0x00000000c0000000,0x00000000c2aaaf30,0x00000000c5500000)
 Metaspace       used 48541K, capacity 49918K, committed 50304K, reserved 1093632K
  class space    used 6495K, capacity 6968K, committed 7040K, reserved 1048576K
}
Event: 124.540 GC heap before
{Heap before GC invocations=13 (full 3):
 PSYoungGen      total 232448K, used 211456K [0x00000000eab00000, 0x00000000fae80000, 0x0000000100000000)
  eden space 211456K, 100% used [0x00000000eab00000,0x00000000f7980000,0x00000000f7980000)
  from space 20992K, 0% used [0x00000000f8880000,0x00000000f8880000,0x00000000f9d00000)
  to   space 17920K, 0% used [0x00000000f9d00000,0x00000000f9d00000,0x00000000fae80000)
 ParOldGen       total 87040K, used 43691K [0x00000000c0000000, 0x00000000c5500000, 0x00000000eab00000)
  object space 87040K, 50% used [0x00000000c0000000,0x00000000c2aaaf30,0x00000000c5500000)
 Metaspace       used 55815K, capacity 57784K, committed 57856K, reserved 1099776K
  class space    used 7480K, capacity 8186K, committed 8192K, reserved 1048576K
Event: 126.257 GC heap after
Heap after GC invocations=13 (full 3):
 PSYoungGen      total 236032K, used 17892K [0x00000000eab00000, 0x00000000fe900000, 0x0000000100000000)
  eden space 218112K, 0% used [0x00000000eab00000,0x00000000eab00000,0x00000000f8000000)
  from space 17920K, 99% used [0x00000000f9d00000,0x00000000fae79360,0x00000000fae80000)
  to   space 29696K, 0% used [0x00000000f8000000,0x00000000f8000000,0x00000000f9d00000)
 ParOldGen       total 87040K, used 47987K [0x00000000c0000000, 0x00000000c5500000, 0x00000000eab00000)
  object space 87040K, 55% used [0x00000000c0000000,0x00000000c2edcf48,0x00000000c5500000)
 Metaspace       used 55815K, capacity 57784K, committed 57856K, reserved 1099776K
  class space    used 7480K, capacity 8186K, committed 8192K, reserved 1048576K
}

