# JRE version: Java(TM) SE Runtime Environment (8.0_31-b13) (build 1.8.0_31-b13)
# Java VM: Java HotSpot(TM) 64-Bit Server VM (25.31-b07 mixed mode windows-amd64 compressed oops)
Heap:
 PSYoungGen      total 243712K, used 38735K [0x00000000eab00000, 0x00000000fdb00000, 0x0000000100000000)
  eden space 225792K, 9% used [0x00000000eab00000,0x00000000ebf54670,0x00000000f8780000)
  from space 17920K, 99% used [0x00000000fc980000,0x00000000fdaff610,0x00000000fdb00000)
  to   space 22016K, 0% used [0x00000000fb000000,0x00000000fb000000,0x00000000fc580000)
 ParOldGen       total 88576K, used 26173K [0x00000000c0000000, 0x00000000c5680000, 0x00000000eab00000)
  object space 88576K, 29% used [0x00000000c0000000,0x00000000c198f428,0x00000000c5680000)
 Metaspace       used 40912K, capacity 42190K, committed 42496K, reserved 1085440K
  class space    used 5539K, capacity 6034K, committed 6144K, reserved 1048576K
GC Heap History (10 events):
Event: 23.855 GC heap before
{Heap before GC invocations=6 (full 1):
 PSYoungGen      total 102400K, used 98304K [0x00000000eab00000, 0x00000000f1300000, 0x0000000100000000)
  eden space 98304K, 100% used [0x00000000eab00000,0x00000000f0b00000,0x00000000f0b00000)
  from space 4096K, 0% used [0x00000000f0f00000,0x00000000f0f00000,0x00000000f1300000)
  to   space 4096K, 0% used [0x00000000f0b00000,0x00000000f0b00000,0x00000000f0f00000)
 ParOldGen       total 47616K, used 8025K [0x00000000c0000000, 0x00000000c2e80000, 0x00000000eab00000)
  object space 47616K, 16% used [0x00000000c0000000,0x00000000c07d6448,0x00000000c2e80000)
 Metaspace       used 21087K, capacity 21464K, committed 21632K, reserved 1069056K
  class space    used 2836K, capacity 2939K, committed 2944K, reserved 1048576K
Event: 23.905 GC heap after
Heap after GC invocations=6 (full 1):
 PSYoungGen      total 102400K, used 820K [0x00000000eab00000, 0x00000000f6400000, 0x0000000100000000)
  eden space 98304K, 0% used [0x00000000eab00000,0x00000000eab00000,0x00000000f0b00000)
  from space 4096K, 20% used [0x00000000f0b00000,0x00000000f0bcd118,0x00000000f0f00000)
  to   space 11264K, 0% used [0x00000000f5900000,0x00000000f5900000,0x00000000f6400000)
 ParOldGen       total 47616K, used 8033K [0x00000000c0000000, 0x00000000c2e80000, 0x00000000eab00000)
  object space 47616K, 16% used [0x00000000c0000000,0x00000000c07d8448,0x00000000c2e80000)
 Metaspace       used 21087K, capacity 21464K, committed 21632K, reserved 1069056K
  class space    used 2836K, capacity 2939K, committed 2944K, reserved 1048576K
}
Event: 31.998 GC heap before
{Heap before GC invocations=7 (full 1):
 PSYoungGen      total 102400K, used 99124K [0x00000000eab00000, 0x00000000f6400000, 0x0000000100000000)
  eden space 98304K, 100% used [0x00000000eab00000,0x00000000f0b00000,0x00000000f0b00000)
  from space 4096K, 20% used [0x00000000f0b00000,0x00000000f0bcd118,0x00000000f0f00000)
  to   space 11264K, 0% used [0x00000000f5900000,0x00000000f5900000,0x00000000f6400000)
 ParOldGen       total 47616K, used 8033K [0x00000000c0000000, 0x00000000c2e80000, 0x00000000eab00000)
  object space 47616K, 16% used [0x00000000c0000000,0x00000000c07d8448,0x00000000c2e80000)
 Metaspace       used 27463K, capacity 28088K, committed 28160K, reserved 1073152K
  class space    used 3601K, capacity 3800K, committed 3840K, reserved 1048576K
Event: 32.044 GC heap after
Heap after GC invocations=7 (full 1):
 PSYoungGen      total 173056K, used 9866K [0x00000000eab00000, 0x00000000f6300000, 0x0000000100000000)
  eden space 162816K, 0% used [0x00000000eab00000,0x00000000eab00000,0x00000000f4a00000)
  from space 10240K, 96% used [0x00000000f5900000,0x00000000f62a2840,0x00000000f6300000)
  to   space 12800K, 0% used [0x00000000f4a00000,0x00000000f4a00000,0x00000000f5680000)
 ParOldGen       total 47616K, used 8105K [0x00000000c0000000, 0x00000000c2e80000, 0x00000000eab00000)
  object space 47616K, 17% used [0x00000000c0000000,0x00000000c07ea458,0x00000000c2e80000)
 Metaspace       used 27463K, capacity 28088K, committed 28160K, reserved 1073152K
  class space    used 3601K, capacity 3800K, committed 3840K, reserved 1048576K
}
Event: 41.692 GC heap before
{Heap before GC invocations=8 (full 1):
 PSYoungGen      total 173056K, used 121193K [0x00000000eab00000, 0x00000000f6300000, 0x0000000100000000)
  eden space 162816K, 68% used [0x00000000eab00000,0x00000000f17b7d20,0x00000000f4a00000)
  from space 10240K, 96% used [0x00000000f5900000,0x00000000f62a2840,0x00000000f6300000)
  to   space 12800K, 0% used [0x00000000f4a00000,0x00000000f4a00000,0x00000000f5680000)
 ParOldGen       total 47616K, used 8105K [0x00000000c0000000, 0x00000000c2e80000, 0x00000000eab00000)
  object space 47616K, 17% used [0x00000000c0000000,0x00000000c07ea458,0x00000000c2e80000)
 Metaspace       used 34433K, capacity 35356K, committed 35456K, reserved 1079296K
  class space    used 4574K, capacity 4955K, committed 4992K, reserved 1048576K
Event: 41.927 GC heap after
Heap after GC invocations=8 (full 1):
 PSYoungGen      total 175616K, used 12772K [0x00000000eab00000, 0x00000000fdb00000, 0x0000000100000000)
  eden space 162816K, 0% used [0x00000000eab00000,0x00000000eab00000,0x00000000f4a00000)
  from space 12800K, 99% used [0x00000000f4a00000,0x00000000f5679148,0x00000000f5680000)
  to   space 17920K, 0% used [0x00000000fc980000,0x00000000fc980000,0x00000000fdb00000)
 ParOldGen       total 47616K, used 13209K [0x00000000c0000000, 0x00000000c2e80000, 0x00000000eab00000)
  object space 47616K, 27% used [0x00000000c0000000,0x00000000c0ce6500,0x00000000c2e80000)
 Metaspace       used 34433K, capacity 35356K, committed 35456K, reserved 1079296K
  class space    used 4574K, capacity 4955K, committed 4992K, reserved 1048576K
}
Event: 41.927 GC heap before
{Heap before GC invocations=9 (full 2):
 PSYoungGen      total 175616K, used 12772K [0x00000000eab00000, 0x00000000fdb00000, 0x0000000100000000)
  eden space 162816K, 0% used [0x00000000eab00000,0x00000000eab00000,0x00000000f4a00000)
  from space 12800K, 99% used [0x00000000f4a00000,0x00000000f5679148,0x00000000f5680000)
  to   space 17920K, 0% used [0x00000000fc980000,0x00000000fc980000,0x00000000fdb00000)
 ParOldGen       total 47616K, used 13209K [0x00000000c0000000, 0x00000000c2e80000, 0x00000000eab00000)
  object space 47616K, 27% used [0x00000000c0000000,0x00000000c0ce6500,0x00000000c2e80000)
 Metaspace       used 34433K, capacity 35356K, committed 35456K, reserved 1079296K
  class space    used 4574K, capacity 4955K, committed 4992K, reserved 1048576K
Event: 43.654 GC heap after
Heap after GC invocations=9 (full 2):
 PSYoungGen      total 175616K, used 0K [0x00000000eab00000, 0x00000000fdb00000, 0x0000000100000000)
  eden space 162816K, 0% used [0x00000000eab00000,0x00000000eab00000,0x00000000f4a00000)
  from space 12800K, 0% used [0x00000000f4a00000,0x00000000f4a00000,0x00000000f5680000)
  to   space 17920K, 0% used [0x00000000fc980000,0x00000000fc980000,0x00000000fdb00000)
 ParOldGen       total 88576K, used 23760K [0x00000000c0000000, 0x00000000c5680000, 0x00000000eab00000)
  object space 88576K, 26% used [0x00000000c0000000,0x00000000c1734038,0x00000000c5680000)
 Metaspace       used 34433K, capacity 35356K, committed 35456K, reserved 1079296K
  class space    used 4574K, capacity 4955K, committed 4992K, reserved 1048576K
}
Event: 57.700 GC heap before
{Heap before GC invocations=10 (full 2):
 PSYoungGen      total 175616K, used 162816K [0x00000000eab00000, 0x00000000fdb00000, 0x0000000100000000)
  eden space 162816K, 100% used [0x00000000eab00000,0x00000000f4a00000,0x00000000f4a00000)
  from space 12800K, 0% used [0x00000000f4a00000,0x00000000f4a00000,0x00000000f5680000)
  to   space 17920K, 0% used [0x00000000fc980000,0x00000000fc980000,0x00000000fdb00000)
 ParOldGen       total 88576K, used 23760K [0x00000000c0000000, 0x00000000c5680000, 0x00000000eab00000)
  object space 88576K, 26% used [0x00000000c0000000,0x00000000c1734038,0x00000000c5680000)
 Metaspace       used 40383K, capacity 41632K, committed 41856K, reserved 1085440K
  class space    used 5467K, capacity 5954K, committed 6016K, reserved 1048576K
Event: 58.737 GC heap after
Heap after GC invocations=10 (full 2):
 PSYoungGen      total 243712K, used 17917K [0x00000000eab00000, 0x00000000fdb00000, 0x0000000100000000)
  eden space 225792K, 0% used [0x00000000eab00000,0x00000000eab00000,0x00000000f8780000)
  from space 17920K, 99% used [0x00000000fc980000,0x00000000fdaff610,0x00000000fdb00000)
  to   space 22016K, 0% used [0x00000000fb000000,0x00000000fb000000,0x00000000fc580000)
 ParOldGen       total 88576K, used 26173K [0x00000000c0000000, 0x00000000c5680000, 0x00000000eab00000)
  object space 88576K, 29% used [0x00000000c0000000,0x00000000c198f428,0x00000000c5680000)
 Metaspace       used 40383K, capacity 41632K, committed 41856K, reserved 1085440K
  class space    used 5467K, capacity 5954K, committed 6016K, reserved 1048576K
}

